# JRE version: OpenJDK Runtime Environment (8.0_151-b12) (build 1.8.0_151-8u151-b12-0ubuntu0.16.04.2-b12)
# Java VM: OpenJDK 64-Bit Server VM (25.151-b12 mixed mode linux-amd64 compressed oops)
Heap:
 garbage-first heap   total 272384K, used 190097K [0x00000000c0000000, 0x00000000c0100850, 0x0000000100000000)
  region size 1024K, 37 young (37888K), 7 survivors (7168K)
 Metaspace       used 136769K, capacity 151048K, committed 151396K, reserved 1181696K
  class space    used 15547K, capacity 19731K, committed 19812K, reserved 1048576K
GC Heap History (10 events):
Event: 30012.262 GC heap before
{Heap before GC invocations=159 (full 0):
 garbage-first heap   total 272384K, used 235499K [0x00000000c0000000, 0x00000000c0100850, 0x0000000100000000)
  region size 1024K, 114 young (116736K), 8 survivors (8192K)
 Metaspace       used 135480K, capacity 149668K, committed 149988K, reserved 1179648K
  class space    used 15399K, capacity 19615K, committed 19684K, reserved 1048576K
Event: 30012.287 GC heap after
Heap after GC invocations=160 (full 0):
 garbage-first heap   total 272384K, used 126069K [0x00000000c0000000, 0x00000000c0100850, 0x0000000100000000)
  region size 1024K, 7 young (7168K), 7 survivors (7168K)
 Metaspace       used 135480K, capacity 149668K, committed 149988K, reserved 1179648K
  class space    used 15399K, capacity 19615K, committed 19684K, reserved 1048576K
}
Event: 34889.174 GC heap before
{Heap before GC invocations=160 (full 0):
 garbage-first heap   total 272384K, used 236661K [0x00000000c0000000, 0x00000000c0100850, 0x0000000100000000)
  region size 1024K, 115 young (117760K), 7 survivors (7168K)
 Metaspace       used 135505K, capacity 149668K, committed 149988K, reserved 1179648K
  class space    used 15399K, capacity 19615K, committed 19684K, reserved 1048576K
Event: 34889.189 GC heap after
Heap after GC invocations=161 (full 0):
 garbage-first heap   total 272384K, used 125593K [0x00000000c0000000, 0x00000000c0100850, 0x0000000100000000)
  region size 1024K, 7 young (7168K), 7 survivors (7168K)
 Metaspace       used 135505K, capacity 149668K, committed 149988K, reserved 1179648K
  class space    used 15399K, capacity 19615K, committed 19684K, reserved 1048576K
}
Event: 38714.004 GC heap before
{Heap before GC invocations=161 (full 0):
 garbage-first heap   total 272384K, used 236185K [0x00000000c0000000, 0x00000000c0100850, 0x0000000100000000)
  region size 1024K, 115 young (117760K), 7 survivors (7168K)
 Metaspace       used 135516K, capacity 149668K, committed 149988K, reserved 1179648K
  class space    used 15399K, capacity 19615K, committed 19684K, reserved 1048576K
Event: 38714.016 GC heap after
Heap after GC invocations=162 (full 0):
 garbage-first heap   total 272384K, used 127679K [0x00000000c0000000, 0x00000000c0100850, 0x0000000100000000)
  region size 1024K, 9 young (9216K), 9 survivors (9216K)
 Metaspace       used 135516K, capacity 149668K, committed 149988K, reserved 1179648K
  class space    used 15399K, capacity 19615K, committed 19684K, reserved 1048576K
}
Event: 47355.897 GC heap before
{Heap before GC invocations=162 (full 0):
 garbage-first heap   total 272384K, used 234175K [0x00000000c0000000, 0x00000000c0100850, 0x0000000100000000)
  region size 1024K, 113 young (115712K), 9 survivors (9216K)
 Metaspace       used 135790K, capacity 149958K, committed 150244K, reserved 1179648K
  class space    used 15424K, capacity 19622K, committed 19684K, reserved 1048576K
Event: 47355.920 GC heap after
Heap after GC invocations=163 (full 0):
 garbage-first heap   total 272384K, used 126051K [0x00000000c0000000, 0x00000000c0100850, 0x0000000100000000)
  region size 1024K, 6 young (6144K), 6 survivors (6144K)
 Metaspace       used 135790K, capacity 149958K, committed 150244K, reserved 1179648K
  class space    used 15424K, capacity 19622K, committed 19684K, reserved 1048576K
}
Event: 47357.576 GC heap before
{Heap before GC invocations=163 (full 0):
 garbage-first heap   total 272384K, used 165842K [0x00000000c0000000, 0x00000000c0100850, 0x0000000100000000)
  region size 1024K, 45 young (46080K), 6 survivors (6144K)
 Metaspace       used 136529K, capacity 150728K, committed 150884K, reserved 1179648K
  class space    used 15525K, capacity 19704K, committed 19812K, reserved 1048576K
Event: 47357.590 GC heap after
Heap after GC invocations=164 (full 0):
 garbage-first heap   total 272384K, used 127988K [0x00000000c0000000, 0x00000000c0100850, 0x0000000100000000)
  region size 1024K, 7 young (7168K), 7 survivors (7168K)
 Metaspace       used 136529K, capacity 150728K, committed 150884K, reserved 1179648K
  class space    used 15525K, capacity 19704K, committed 19812K, reserved 1048576K
}

