# JRE version: OpenJDK Runtime Environment (8.0_151-b12) (build 1.8.0_151-8u151-b12-0ubuntu0.16.04.2-b12)
# Java VM: OpenJDK 64-Bit Server VM (25.151-b12 mixed mode linux-amd64 compressed oops)
Heap:
 garbage-first heap   total 262144K, used 144821K [0x00000000c0000000, 0x00000000c0100800, 0x0000000100000000)
  region size 1024K, 33 young (33792K), 9 survivors (9216K)
 Metaspace       used 122706K, capacity 134990K, committed 135236K, reserved 1167360K
  class space    used 13919K, capacity 17375K, committed 17476K, reserved 1048576K
GC Heap History (10 events):
Event: 2974.741 GC heap before
{Heap before GC invocations=85 (full 0):
 garbage-first heap   total 262144K, used 227328K [0x00000000c0000000, 0x00000000c0100800, 0x0000000100000000)
  region size 1024K, 129 young (132096K), 7 survivors (7168K)
 Metaspace       used 120267K, capacity 132192K, committed 132548K, reserved 1165312K
  class space    used 13641K, capacity 17006K, committed 17092K, reserved 1048576K
Event: 2974.753 GC heap after
Heap after GC invocations=86 (full 0):
 garbage-first heap   total 262144K, used 102400K [0x00000000c0000000, 0x00000000c0100800, 0x0000000100000000)
  region size 1024K, 7 young (7168K), 7 survivors (7168K)
 Metaspace       used 120267K, capacity 132192K, committed 132548K, reserved 1165312K
  class space    used 13641K, capacity 17006K, committed 17092K, reserved 1048576K
}
Event: 3060.957 GC heap before
{Heap before GC invocations=86 (full 0):
 garbage-first heap   total 262144K, used 227328K [0x00000000c0000000, 0x00000000c0100800, 0x0000000100000000)
  region size 1024K, 129 young (132096K), 7 survivors (7168K)
 Metaspace       used 120289K, capacity 132192K, committed 132548K, reserved 1165312K
  class space    used 13641K, capacity 17006K, committed 17092K, reserved 1048576K
Event: 3060.969 GC heap after
Heap after GC invocations=87 (full 0):
 garbage-first heap   total 262144K, used 101376K [0x00000000c0000000, 0x00000000c0100800, 0x0000000100000000)
  region size 1024K, 6 young (6144K), 6 survivors (6144K)
 Metaspace       used 120289K, capacity 132192K, committed 132548K, reserved 1165312K
  class space    used 13641K, capacity 17006K, committed 17092K, reserved 1048576K
}
Event: 3075.990 GC heap before
{Heap before GC invocations=87 (full 0):
 garbage-first heap   total 262144K, used 228352K [0x00000000c0000000, 0x00000000c0100800, 0x0000000100000000)
  region size 1024K, 130 young (133120K), 6 survivors (6144K)
 Metaspace       used 120291K, capacity 132192K, committed 132548K, reserved 1165312K
  class space    used 13641K, capacity 17006K, committed 17092K, reserved 1048576K
Event: 3076.001 GC heap after
Heap after GC invocations=88 (full 0):
 garbage-first heap   total 262144K, used 100864K [0x00000000c0000000, 0x00000000c0100800, 0x0000000100000000)
  region size 1024K, 5 young (5120K), 5 survivors (5120K)
 Metaspace       used 120291K, capacity 132192K, committed 132548K, reserved 1165312K
  class space    used 13641K, capacity 17006K, committed 17092K, reserved 1048576K
}
Event: 3086.614 GC heap before
{Heap before GC invocations=88 (full 0):
 garbage-first heap   total 262144K, used 229888K [0x00000000c0000000, 0x00000000c0100800, 0x0000000100000000)
  region size 1024K, 131 young (134144K), 5 survivors (5120K)
 Metaspace       used 120315K, capacity 132192K, committed 132548K, reserved 1165312K
  class space    used 13641K, capacity 17006K, committed 17092K, reserved 1048576K
Event: 3086.623 GC heap after
Heap after GC invocations=89 (full 0):
 garbage-first heap   total 262144K, used 101888K [0x00000000c0000000, 0x00000000c0100800, 0x0000000100000000)
  region size 1024K, 6 young (6144K), 6 survivors (6144K)
 Metaspace       used 120315K, capacity 132192K, committed 132548K, reserved 1165312K
  class space    used 13641K, capacity 17006K, committed 17092K, reserved 1048576K
}
Event: 3194.452 GC heap before
{Heap before GC invocations=89 (full 0):
 garbage-first heap   total 262144K, used 246214K [0x00000000c0000000, 0x00000000c0100800, 0x0000000100000000)
  region size 1024K, 130 young (133120K), 6 survivors (6144K)
 Metaspace       used 122471K, capacity 134664K, committed 134980K, reserved 1167360K
  class space    used 13895K, capacity 17346K, committed 17476K, reserved 1048576K
Event: 3194.464 GC heap after
Heap after GC invocations=90 (full 0):
 garbage-first heap   total 262144K, used 106461K [0x00000000c0000000, 0x00000000c0100800, 0x0000000100000000)
  region size 1024K, 9 young (9216K), 9 survivors (9216K)
 Metaspace       used 122471K, capacity 134664K, committed 134980K, reserved 1167360K
  class space    used 13895K, capacity 17346K, committed 17476K, reserved 1048576K
}

