# JRE version: OpenJDK Runtime Environment (8.0_151-b12) (build 1.8.0_151-8u151-b12-0ubuntu0.16.04.2-b12)
# Java VM: OpenJDK 64-Bit Server VM (25.151-b12 mixed mode linux-amd64 compressed oops)
Heap:
 garbage-first heap   total 268288K, used 230579K [0x00000000c0000000, 0x00000000c0100830, 0x0000000100000000)
  region size 1024K, 64 young (65536K), 3 survivors (3072K)
 Metaspace       used 148247K, capacity 162904K, committed 163036K, reserved 1191936K
  class space    used 16638K, capacity 20923K, committed 20956K, reserved 1048576K
GC Heap History (10 events):
Event: 13918.262 GC heap before
{Heap before GC invocations=724 (full 0):
 garbage-first heap   total 268288K, used 237779K [0x00000000c0000000, 0x00000000c0100830, 0x0000000100000000)
  region size 1024K, 102 young (104448K), 1 survivors (1024K)
 Metaspace       used 147128K, capacity 161676K, committed 161884K, reserved 1189888K
  class space    used 16500K, capacity 20775K, committed 20828K, reserved 1048576K
Event: 13918.285 GC heap after
Heap after GC invocations=725 (full 0):
 garbage-first heap   total 268288K, used 134536K [0x00000000c0000000, 0x00000000c0100830, 0x0000000100000000)
  region size 1024K, 1 young (1024K), 1 survivors (1024K)
 Metaspace       used 147128K, capacity 161676K, committed 161884K, reserved 1189888K
  class space    used 16500K, capacity 20775K, committed 20828K, reserved 1048576K
}
Event: 13930.389 GC heap before
{Heap before GC invocations=725 (full 0):
 garbage-first heap   total 268288K, used 237960K [0x00000000c0000000, 0x00000000c0100830, 0x0000000100000000)
  region size 1024K, 102 young (104448K), 1 survivors (1024K)
 Metaspace       used 147129K, capacity 161676K, committed 161884K, reserved 1189888K
  class space    used 16500K, capacity 20775K, committed 20828K, reserved 1048576K
Event: 13930.399 GC heap after
Heap after GC invocations=726 (full 0):
 garbage-first heap   total 268288K, used 134609K [0x00000000c0000000, 0x00000000c0100830, 0x0000000100000000)
  region size 1024K, 1 young (1024K), 1 survivors (1024K)
 Metaspace       used 147129K, capacity 161676K, committed 161884K, reserved 1189888K
  class space    used 16500K, capacity 20775K, committed 20828K, reserved 1048576K
}
Event: 13941.036 GC heap before
{Heap before GC invocations=727 (full 0):
 garbage-first heap   total 268288K, used 238033K [0x00000000c0000000, 0x00000000c0100830, 0x0000000100000000)
  region size 1024K, 102 young (104448K), 1 survivors (1024K)
 Metaspace       used 147129K, capacity 161676K, committed 161884K, reserved 1189888K
  class space    used 16500K, capacity 20775K, committed 20828K, reserved 1048576K
Event: 13941.046 GC heap after
Heap after GC invocations=728 (full 0):
 garbage-first heap   total 268288K, used 134948K [0x00000000c0000000, 0x00000000c0100830, 0x0000000100000000)
  region size 1024K, 2 young (2048K), 2 survivors (2048K)
 Metaspace       used 147129K, capacity 161676K, committed 161884K, reserved 1189888K
  class space    used 16500K, capacity 20775K, committed 20828K, reserved 1048576K
}
Event: 13972.777 GC heap before
{Heap before GC invocations=728 (full 0):
 garbage-first heap   total 268288K, used 236324K [0x00000000c0000000, 0x00000000c0100830, 0x0000000100000000)
  region size 1024K, 101 young (103424K), 2 survivors (2048K)
 Metaspace       used 147129K, capacity 161676K, committed 161884K, reserved 1189888K
  class space    used 16500K, capacity 20775K, committed 20828K, reserved 1048576K
Event: 13972.788 GC heap after
Heap after GC invocations=729 (full 0):
 garbage-first heap   total 268288K, used 134960K [0x00000000c0000000, 0x00000000c0100830, 0x0000000100000000)
  region size 1024K, 2 young (2048K), 2 survivors (2048K)
 Metaspace       used 147129K, capacity 161676K, committed 161884K, reserved 1189888K
  class space    used 16500K, capacity 20775K, committed 20828K, reserved 1048576K
}
Event: 14081.368 GC heap before
{Heap before GC invocations=729 (full 0):
 garbage-first heap   total 268288K, used 236336K [0x00000000c0000000, 0x00000000c0100830, 0x0000000100000000)
  region size 1024K, 101 young (103424K), 2 survivors (2048K)
 Metaspace       used 147333K, capacity 161910K, committed 162140K, reserved 1189888K
  class space    used 16521K, capacity 20784K, committed 20828K, reserved 1048576K
Event: 14081.401 GC heap after
Heap after GC invocations=730 (full 0):
 garbage-first heap   total 268288K, used 135847K [0x00000000c0000000, 0x00000000c0100830, 0x0000000100000000)
  region size 1024K, 3 young (3072K), 3 survivors (3072K)
 Metaspace       used 147333K, capacity 161910K, committed 162140K, reserved 1189888K
  class space    used 16521K, capacity 20784K, committed 20828K, reserved 1048576K
}

